<?xml version="1.0" encoding="UTF-8"?>
<!-- Generated by org.testng.reporters.JUnitReportReporter -->
<testsuite hostname="ThinkPad-E14" failures="0" tests="1" name="com.assesment.Testcases" time="2.327" errors="0" timestamp="18 Aug 2023 11:44:51 GMT">
  <testcase classname="com.assesment.Testcases" name="test_check_query_input_and_search_button_existence" time="2.327"/>
</testsuite> <!-- com.assesment.Testcases -->
