<?xml version="1.0" encoding="UTF-8"?>
<!-- Generated by org.testng.reporters.JUnitReportReporter -->
<testsuite hostname="ThinkPad-E14" failures="0" tests="1" name="com.assesment.pirate" time="2.148" errors="0" timestamp="18 Aug 2023 09:38:34 GMT">
  <testcase classname="com.assesment.pirate" name="test_check_query_input_and_search_button_existence" time="2.148"/>
</testsuite> <!-- com.assesment.pirate -->
